Using pre-set license
Built from '2020.3/release' branch; Version is '2020.3.12f1 (b3b2c6512326) revision 11776710'; Using compiler version '192528614'; Build Type 'Release'
OS: 'Windows 10 Home Single Language; OS build 19042.1466; Version 2009; 64bit' Language: 'tr' Physical Memory: 8112 MB
BatchMode: 1, IsHumanControllingUs: 0, StartBugReporterOnCrash: 0, Is64bit: 1, IsPro: 0

 COMMAND LINE ARGUMENTS:
C:\Program Files\Unity\Hub\Editor\2020.3.12f1\Editor\Unity.exe
-adb2
-batchMode
-noUpm
-name
AssetImportWorker0
-projectPath
C:/Users/Atilla/Desktop/Deneme/Menu
-logFile
Logs/AssetImportWorker0.log
-srvPort
11606
Successfully changed project path to: C:/Users/Atilla/Desktop/Deneme/Menu
C:/Users/Atilla/Desktop/Deneme/Menu
Using Asset Import Pipeline V2.
Refreshing native plugins compatible for Editor in 47.70 ms, found 2 plugins.
Preloading 0 native plugins for Editor in 0.00 ms.
Initialize engine version: 2020.3.12f1 (b3b2c6512326)
[Subsystems] Discovering subsystems at path C:/Program Files/Unity/Hub/Editor/2020.3.12f1/Editor/Data/Resources/UnitySubsystems
[Subsystems] Discovering subsystems at path C:/Users/Atilla/Desktop/Deneme/Menu/Assets
GfxDevice: creating device client; threaded=0
Direct3D:
    Version:  Direct3D 11.0 [level 11.0]
    Renderer: NVIDIA GeForce GTX 960M (ID=0x139b)
    Vendor:   
    VRAM:     4053 MB
    Driver:   27.21.14.5148
Initialize mono
Mono path[0] = 'C:/Program Files/Unity/Hub/Editor/2020.3.12f1/Editor/Data/Managed'
Mono path[1] = 'C:/Program Files/Unity/Hub/Editor/2020.3.12f1/Editor/Data/MonoBleedingEdge/lib/mono/unityjit'
Mono config path = 'C:/Program Files/Unity/Hub/Editor/2020.3.12f1/Editor/Data/MonoBleedingEdge/etc'
Using monoOptions --debugger-agent=transport=dt_socket,embedding=1,server=y,suspend=n,address=127.0.0.1:56020
Begin MonoManager ReloadAssembly
Registering precompiled unity dll's ...
Register platform support module: C:/Program Files/Unity/Hub/Editor/2020.3.12f1/Editor/Data/PlaybackEngines/WindowsStandaloneSupport/UnityEditor.WindowsStandalone.Extensions.dll
Registered in 0.003806 seconds.
Native extension for WindowsStandalone target not found
Refreshing native plugins compatible for Editor in 36.24 ms, found 2 plugins.
Preloading 0 native plugins for Editor in 0.00 ms.
Mono: successfully reloaded assembly
- Completed reload, in  2.673 seconds
Platform modules already initialized, skipping
Registering precompiled user dll's ...
Registered in 0.005750 seconds.
Begin MonoManager ReloadAssembly
Native extension for WindowsStandalone target not found
Refreshing native plugins compatible for Editor in 0.38 ms, found 2 plugins.
Preloading 0 native plugins for Editor in 0.00 ms.
Mono: successfully reloaded assembly
- Completed reload, in  1.229 seconds
Platform modules already initialized, skipping
========================================================================
Worker process is ready to serve import requests
Launched and connected shader compiler UnityShaderCompiler.exe after 0.14 seconds
Refreshing native plugins compatible for Editor in 0.49 ms, found 2 plugins.
Preloading 0 native plugins for Editor in 0.00 ms.
Unloading 1405 Unused Serialized files (Serialized files now loaded: 0)
System memory in use before: 67.0 MB.
System memory in use after: 67.1 MB.

Unloading 19 unused Assets to reduce memory usage. Loaded Objects now: 1838.
Total: 3.334100 ms (FindLiveObjects: 0.283500 ms CreateObjectMapping: 0.112800 ms MarkObjects: 2.803600 ms  DeleteObjects: 0.132500 ms)

AssetImportParameters requested are different than current active one (requested -> active):
  custom:framework-win-MediaFoundation: 216162199b28c13a410421893ffa2e32 -> 
  custom:video-decoder-ogg-theora: a1e56fd34408186e4bbccfd4996cb3dc -> 
  custom:container-muxer-webm: aa71ff27fc2769a1b78a27578f13a17b -> 
  custom:container-demuxer-webm: 4f35f7cbe854078d1ac9338744f61a02 -> 
  custom:container-demuxer-ogg: 62fdf1f143b41e24485cea50d1cbac27 -> 
  custom:video-encoder-webm-vp8: eb34c28f22e8b96e1ab97ce403110664 -> 
  custom:video-codec-MediaFoundation-h265: 746d11721c4dcdbdad8f713fa42b33f4 -> 
  custom:video-decoder-webm-vp8: 9c59270c3fd7afecdb556c50c9e8de78 -> 
  custom:audio-decoder-ogg-vorbis: bf7c407c2cedff20999df2af8eb42d56 -> 
  custom:audio-encoder-webm-vorbis: bf7c407c2cedff20999df2af8eb42d56 -> 
========================================================================
Received Import Request.
  path: Assets/STYLIZED - FREE Drift Car/Textures/CarsTexture.png
  artifactKey: Guid(e80876ed7487e494dbe8f11997b23d12) Importer(815301076,1909f56bfc062723c751e8b465ee728b)
Start importing Assets/STYLIZED - FREE Drift Car/Textures/CarsTexture.png using Guid(e80876ed7487e494dbe8f11997b23d12) Importer(815301076,1909f56bfc062723c751e8b465ee728b)  -> (artifact id: '4a2bdc99e14ce08011ee97cdb55a3e1b') in 0.376877 seconds 
  Import took 0.409549 seconds .

========================================================================
Received Import Request.
  Time since last request: 37.626143 seconds.
  path: Assets/CartoonLowPolyCityLite/CartoonLowPolyCityLite_LWRP_2018.4.unitypackage
  artifactKey: Guid(e59b4b64c1d776349bb541aa21e4d5b3) Importer(815301076,1909f56bfc062723c751e8b465ee728b)
Start importing Assets/CartoonLowPolyCityLite/CartoonLowPolyCityLite_LWRP_2018.4.unitypackage using Guid(e59b4b64c1d776349bb541aa21e4d5b3) Importer(815301076,1909f56bfc062723c751e8b465ee728b)  -> (artifact id: 'f3c0fe04c1600f6becbc3194d561e015') in 0.061860 seconds 
  Import took 0.182447 seconds .

========================================================================
Received Import Request.
  Time since last request: 0.108938 seconds.
  path: Assets/CartoonLowPolyCityLite/CartoonLowPolyCityLite_HDRP_2018.4.unitypackage
  artifactKey: Guid(a580ff334330b224da2039ee267ef4be) Importer(815301076,1909f56bfc062723c751e8b465ee728b)
Start importing Assets/CartoonLowPolyCityLite/CartoonLowPolyCityLite_HDRP_2018.4.unitypackage using Guid(a580ff334330b224da2039ee267ef4be) Importer(815301076,1909f56bfc062723c751e8b465ee728b)  -> (artifact id: 'c67dedc39749ff4db610dc51225470f0') in 0.005047 seconds 
  Import took 0.154752 seconds .

========================================================================
Received Import Request.
  Time since last request: 5.902524 seconds.
  path: Assets/CartoonLowPolyCityLite/Textures
  artifactKey: Guid(1416feb0a875a554a965964f98c37de4) Importer(815301076,1909f56bfc062723c751e8b465ee728b)
Start importing Assets/CartoonLowPolyCityLite/Textures using Guid(1416feb0a875a554a965964f98c37de4) Importer(815301076,1909f56bfc062723c751e8b465ee728b)  -> (artifact id: '8550431318c320c01f669ed7ff86f448') in 0.060440 seconds 
  Import took 0.111693 seconds .

========================================================================
Received Import Request.
  Time since last request: 2.539477 seconds.
  path: Assets/CartoonLowPolyCityLite/CartoonLowPolyCityLite_URP_2019.3.unitypackage
  artifactKey: Guid(95794923979bb5a4691d6a11159a366c) Importer(815301076,1909f56bfc062723c751e8b465ee728b)
Start importing Assets/CartoonLowPolyCityLite/CartoonLowPolyCityLite_URP_2019.3.unitypackage using Guid(95794923979bb5a4691d6a11159a366c) Importer(815301076,1909f56bfc062723c751e8b465ee728b)  -> (artifact id: '9e18fabd568bd57fba5da49b76844bfd') in 0.004255 seconds 
  Import took 0.053575 seconds .

